[2026-07-11 21:23:37.667]: Info: Sunshine version: 2026.516.143833 commit: 
[2026-07-11 21:23:37.667]: Info: Package Publisher: nixpkgs
[2026-07-11 21:23:37.667]: Info: Publisher Website: https://nixos.org
[2026-07-11 21:23:37.667]: Info: Get support: https://github.com/NixOS/nixpkgs/issues
[2026-07-11 21:23:37.669]: Info: [wayland] Found display [wayland-1]
[2026-07-11 21:23:37.669]: Info: [wayland] Found interface: zxdg_output_manager_v1(9) version 3
[2026-07-11 21:23:37.669]: Info: [wayland] Found interface: zwlr_screencopy_manager_v1(32) version 3
[2026-07-11 21:23:37.669]: Info: [wayland] Found interface: zwp_linux_dmabuf_v1(42) version 5
[2026-07-11 21:23:37.669]: Info: [wayland] Found interface: wl_output(44) version 4
[2026-07-11 21:23:37.669]: Info: [wayland] Found interface: wl_output(45) version 4
[2026-07-11 21:23:37.669]: Info: [wayland] Resolution: 1920x1080
[2026-07-11 21:23:37.669]: Info: [wayland] Resolution: 3440x1440
[2026-07-11 21:23:37.669]: Info: [wayland] Offset: 1920x200
[2026-07-11 21:23:37.669]: Info: [wayland] Logical size: 1920x1080
[2026-07-11 21:23:37.669]: Info: [wayland] Name: HDMI-A-1
[2026-07-11 21:23:37.669]: Info: [wayland] Found monitor: Acer Technologies - Acer XFA240 - HDMI-A-1
[2026-07-11 21:23:37.669]: Info: [wayland] Offset: 3840x0
[2026-07-11 21:23:37.669]: Info: [wayland] Logical size: 3127x1309
[2026-07-11 21:23:37.669]: Info: [wayland] Name: DP-2
[2026-07-11 21:23:37.669]: Info: [wayland] Found monitor: PNP(AOC) - CU34G2XP - DP-2
[2026-07-11 21:23:37.669]: Info: [wlgrab] -------- Start of Wayland monitor list --------
[2026-07-11 21:23:37.669]: Info: [wlgrab] Monitor 0 is HDMI-A-1: Acer Technologies - Acer XFA240 - HDMI-A-1
[2026-07-11 21:23:37.669]: Info: [wlgrab] Monitor 1 is DP-2: PNP(AOC) - CU34G2XP - DP-2
[2026-07-11 21:23:37.669]: Info: [wlgrab] --------- End of Wayland monitor list ---------
[2026-07-11 21:23:37.688]: Warning: Gamepad ds5 is disabled due to Permission denied
[2026-07-11 21:23:37.688]: Info: // Testing for available encoders, this may generate errors. You can safely ignore those errors. //
[2026-07-11 21:23:37.688]: Info: Trying encoder [nvenc]
[2026-07-11 21:23:37.688]: Info: [misc] drop_elevated_privileges succeeded in dropping capabilities
[2026-07-11 21:23:37.688]: Info: Screencasting with Wayland's protocol
[2026-07-11 21:23:37.688]: Info: [wlgrab] Requested frame rate [60/1, approx. 60 fps]
[2026-07-11 21:23:37.688]: Info: [wayland] Found display [wayland-1]
[2026-07-11 21:23:37.688]: Info: [wayland] Found interface: zxdg_output_manager_v1(9) version 3
[2026-07-11 21:23:37.688]: Info: [wayland] Found interface: zwlr_screencopy_manager_v1(32) version 3
[2026-07-11 21:23:37.688]: Info: [wayland] Found interface: zwp_linux_dmabuf_v1(42) version 5
[2026-07-11 21:23:37.688]: Info: [wayland] Found interface: wl_output(44) version 4
[2026-07-11 21:23:37.688]: Info: [wayland] Found interface: wl_output(45) version 4
[2026-07-11 21:23:37.688]: Info: [wayland] Resolution: 1920x1080
[2026-07-11 21:23:37.688]: Info: [wayland] Resolution: 3440x1440
[2026-07-11 21:23:37.688]: Info: [wayland] Offset: 1920x200
[2026-07-11 21:23:37.688]: Info: [wayland] Logical size: 1920x1080
[2026-07-11 21:23:37.688]: Info: [wayland] Name: HDMI-A-1
[2026-07-11 21:23:37.688]: Info: [wayland] Found monitor: Acer Technologies - Acer XFA240 - HDMI-A-1
[2026-07-11 21:23:37.688]: Info: [wayland] Offset: 3840x0
[2026-07-11 21:23:37.688]: Info: [wayland] Logical size: 3127x1309
[2026-07-11 21:23:37.688]: Info: [wayland] Name: DP-2
[2026-07-11 21:23:37.688]: Info: [wayland] Found monitor: PNP(AOC) - CU34G2XP - DP-2
[2026-07-11 21:23:37.688]: Info: [wlgrab] Selected monitor [Acer Technologies - Acer XFA240 - HDMI-A-1] for streaming
[2026-07-11 21:23:37.688]: Info: Creating encoder [h264_nvenc]
[2026-07-11 21:23:37.688]: Info: Color coding: SDR (Rec. 601)
[2026-07-11 21:23:37.688]: Info: Color depth: 8-bit
[2026-07-11 21:23:37.688]: Info: Color range: JPEG
[2026-07-11 21:23:37.689]: Error: [CUDA @ 0x6e5f7bdbd840] Cannot load libcuda.so.1
[2026-07-11 21:23:37.689]: Error: [CUDA @ 0x6e5f7bdbd840] Could not dynamically load CUDA
[2026-07-11 21:23:37.689]: Error: Failed to create a CUDA device: Operation not permitted
[2026-07-11 21:23:37.689]: Info: Creating encoder [h264_nvenc]
[2026-07-11 21:23:37.689]: Info: Color coding: SDR (Rec. 601)
[2026-07-11 21:23:37.689]: Info: Color depth: 8-bit
[2026-07-11 21:23:37.689]: Info: Color range: JPEG
[2026-07-11 21:23:37.689]: Error: [CUDA @ 0x6e5f7bdbda80] Cannot load libcuda.so.1
[2026-07-11 21:23:37.689]: Error: [CUDA @ 0x6e5f7bdbda80] Could not dynamically load CUDA
[2026-07-11 21:23:37.689]: Error: Failed to create a CUDA device: Operation not permitted
[2026-07-11 21:23:37.689]: Info: Encoder [nvenc] failed
[2026-07-11 21:23:37.689]: Info: Trying encoder [vulkan]
[2026-07-11 21:23:37.689]: Info: Screencasting with Wayland's protocol
[2026-07-11 21:23:37.689]: Error: [wlgrab] Could not initialize display with the given hw device type.
[2026-07-11 21:23:37.889]: Info: Screencasting with Wayland's protocol
[2026-07-11 21:23:37.889]: Error: [wlgrab] Could not initialize display with the given hw device type.
[2026-07-11 21:23:38.089]: Info: Encoder [vulkan] failed
[2026-07-11 21:23:38.089]: Info: Trying encoder [vaapi]
[2026-07-11 21:23:38.089]: Info: Screencasting with Wayland's protocol
[2026-07-11 21:23:38.089]: Info: [wlgrab] Requested frame rate [60/1, approx. 60 fps]
[2026-07-11 21:23:38.089]: Info: [wayland] Found display [wayland-1]
[2026-07-11 21:23:38.089]: Info: [wayland] Found interface: zxdg_output_manager_v1(9) version 3
[2026-07-11 21:23:38.089]: Info: [wayland] Found interface: zwlr_screencopy_manager_v1(32) version 3
[2026-07-11 21:23:38.089]: Info: [wayland] Found interface: zwp_linux_dmabuf_v1(42) version 5
[2026-07-11 21:23:38.090]: Info: [wayland] Found interface: wl_output(44) version 4
[2026-07-11 21:23:38.090]: Info: [wayland] Found interface: wl_output(45) version 4
[2026-07-11 21:23:38.090]: Info: [wayland] Resolution: 1920x1080
[2026-07-11 21:23:38.090]: Info: [wayland] Resolution: 3440x1440
[2026-07-11 21:23:38.090]: Info: [wayland] Offset: 1920x200
[2026-07-11 21:23:38.090]: Info: [wayland] Logical size: 1920x1080
[2026-07-11 21:23:38.090]: Info: [wayland] Name: HDMI-A-1
[2026-07-11 21:23:38.090]: Info: [wayland] Found monitor: Acer Technologies - Acer XFA240 - HDMI-A-1
[2026-07-11 21:23:38.090]: Info: [wayland] Offset: 3840x0
[2026-07-11 21:23:38.090]: Info: [wayland] Logical size: 3127x1309
[2026-07-11 21:23:38.090]: Info: [wayland] Name: DP-2
[2026-07-11 21:23:38.090]: Info: [wayland] Found monitor: PNP(AOC) - CU34G2XP - DP-2
[2026-07-11 21:23:38.090]: Info: [wlgrab] Selected monitor [Acer Technologies - Acer XFA240 - HDMI-A-1] for streaming
[2026-07-11 21:23:38.090]: Info: Creating encoder [h264_vaapi]
[2026-07-11 21:23:38.090]: Info: Color coding: SDR (Rec. 601)
[2026-07-11 21:23:38.090]: Info: Color depth: 8-bit
[2026-07-11 21:23:38.090]: Info: Color range: JPEG
[2026-07-11 21:23:38.100]: Warning: EGL: context priority set to HIGH but CAP_SYS_NICE capability is missing
libva info: VA-API version 1.23.0
libva info: Trying to open /run/opengl-driver/lib/dri/radeonsi_drv_video.so
libva info: Found init function __vaDriverInit_1_23
libva info: va_openDriver() returns 0
[2026-07-11 21:23:38.105]: Info: vaapi vendor: Mesa Gallium driver 26.1.3 for AMD Radeon RX 9070 XT (radeonsi, gfx1201, ACO, DRM 3.64, 7.1.2-zen1)
[2026-07-11 21:23:38.106]: Info: Streaming bitrate is 1000000
[2026-07-11 21:23:38.106]: Info: Using normal encoding mode
[2026-07-11 21:23:38.106]: Info: Using default rate control
[2026-07-11 21:23:38.136]: Info: Creating encoder [hevc_vaapi]
[2026-07-11 21:23:38.136]: Info: Color coding: SDR (Rec. 601)
[2026-07-11 21:23:38.136]: Info: Color depth: 8-bit
[2026-07-11 21:23:38.136]: Info: Color range: JPEG
[2026-07-11 21:23:38.143]: Warning: EGL: context priority set to HIGH but CAP_SYS_NICE capability is missing
libva info: VA-API version 1.23.0
libva info: Trying to open /run/opengl-driver/lib/dri/radeonsi_drv_video.so
libva info: Found init function __vaDriverInit_1_23
libva info: va_openDriver() returns 0
[2026-07-11 21:23:38.149]: Info: vaapi vendor: Mesa Gallium driver 26.1.3 for AMD Radeon RX 9070 XT (radeonsi, gfx1201, ACO, DRM 3.64, 7.1.2-zen1)
[2026-07-11 21:23:38.150]: Info: Streaming bitrate is 1000000
[2026-07-11 21:23:38.150]: Info: Using normal encoding mode
[2026-07-11 21:23:38.150]: Info: Using default rate control
[2026-07-11 21:23:38.172]: Info: Creating encoder [av1_vaapi]
[2026-07-11 21:23:38.172]: Info: Color coding: SDR (Rec. 601)
[2026-07-11 21:23:38.172]: Info: Color depth: 8-bit
[2026-07-11 21:23:38.172]: Info: Color range: JPEG
[2026-07-11 21:23:38.178]: Warning: EGL: context priority set to HIGH but CAP_SYS_NICE capability is missing
libva info: VA-API version 1.23.0
libva info: Trying to open /run/opengl-driver/lib/dri/radeonsi_drv_video.so
libva info: Found init function __vaDriverInit_1_23
libva info: va_openDriver() returns 0
[2026-07-11 21:23:38.183]: Info: vaapi vendor: Mesa Gallium driver 26.1.3 for AMD Radeon RX 9070 XT (radeonsi, gfx1201, ACO, DRM 3.64, 7.1.2-zen1)
[2026-07-11 21:23:38.183]: Info: Streaming bitrate is 1000000
[2026-07-11 21:23:38.183]: Info: Using normal encoding mode
[2026-07-11 21:23:38.183]: Info: Using VBR with single frame VBV size
[2026-07-11 21:23:38.183]: Warning: [av1_vaapi @ 0x6f517e48f680] Multiple slices were requested but this codec does not support controlling slices.
[2026-07-11 21:23:38.199]: Info: Screencasting with Wayland's protocol
[2026-07-11 21:23:38.199]: Info: [wlgrab] Requested frame rate [60/1, approx. 60 fps]
[2026-07-11 21:23:38.199]: Info: [wayland] Found display [wayland-1]
[2026-07-11 21:23:38.199]: Info: [wayland] Found interface: zxdg_output_manager_v1(9) version 3
[2026-07-11 21:23:38.199]: Info: [wayland] Found interface: zwlr_screencopy_manager_v1(32) version 3
[2026-07-11 21:23:38.199]: Info: [wayland] Found interface: zwp_linux_dmabuf_v1(42) version 5
[2026-07-11 21:23:38.199]: Info: [wayland] Found interface: wl_output(44) version 4
[2026-07-11 21:23:38.199]: Info: [wayland] Found interface: wl_output(45) version 4
[2026-07-11 21:23:38.199]: Info: [wayland] Resolution: 1920x1080
[2026-07-11 21:23:38.199]: Info: [wayland] Resolution: 3440x1440
[2026-07-11 21:23:38.199]: Info: [wayland] Offset: 1920x200
[2026-07-11 21:23:38.199]: Info: [wayland] Logical size: 1920x1080
[2026-07-11 21:23:38.199]: Info: [wayland] Name: HDMI-A-1
[2026-07-11 21:23:38.199]: Info: [wayland] Found monitor: Acer Technologies - Acer XFA240 - HDMI-A-1
[2026-07-11 21:23:38.199]: Info: [wayland] Offset: 3840x0
[2026-07-11 21:23:38.199]: Info: [wayland] Logical size: 3127x1309
[2026-07-11 21:23:38.199]: Info: [wayland] Name: DP-2
[2026-07-11 21:23:38.199]: Info: [wayland] Found monitor: PNP(AOC) - CU34G2XP - DP-2
[2026-07-11 21:23:38.199]: Info: [wlgrab] Selected monitor [Acer Technologies - Acer XFA240 - HDMI-A-1] for streaming
[2026-07-11 21:23:38.199]: Info: Creating encoder [hevc_vaapi]
[2026-07-11 21:23:38.199]: Info: Color coding: SDR (Rec. 709)
[2026-07-11 21:23:38.199]: Info: Color depth: 10-bit
[2026-07-11 21:23:38.199]: Info: Color range: JPEG
[2026-07-11 21:23:38.206]: Warning: EGL: context priority set to HIGH but CAP_SYS_NICE capability is missing
libva info: VA-API version 1.23.0
libva info: Trying to open /run/opengl-driver/lib/dri/radeonsi_drv_video.so
libva info: Found init function __vaDriverInit_1_23
libva info: va_openDriver() returns 0
[2026-07-11 21:23:38.211]: Info: vaapi vendor: Mesa Gallium driver 26.1.3 for AMD Radeon RX 9070 XT (radeonsi, gfx1201, ACO, DRM 3.64, 7.1.2-zen1)
[2026-07-11 21:23:38.211]: Info: Streaming bitrate is 1000000
[2026-07-11 21:23:38.211]: Info: Using normal encoding mode
[2026-07-11 21:23:38.212]: Info: Using default rate control
[2026-07-11 21:23:38.235]: Info: Creating encoder [av1_vaapi]
[2026-07-11 21:23:38.235]: Info: Color coding: SDR (Rec. 709)
[2026-07-11 21:23:38.235]: Info: Color depth: 10-bit
[2026-07-11 21:23:38.235]: Info: Color range: JPEG
[2026-07-11 21:23:38.241]: Warning: EGL: context priority set to HIGH but CAP_SYS_NICE capability is missing
libva info: VA-API version 1.23.0
libva info: Trying to open /run/opengl-driver/lib/dri/radeonsi_drv_video.so
libva info: Found init function __vaDriverInit_1_23
libva info: va_openDriver() returns 0
[2026-07-11 21:23:38.245]: Info: vaapi vendor: Mesa Gallium driver 26.1.3 for AMD Radeon RX 9070 XT (radeonsi, gfx1201, ACO, DRM 3.64, 7.1.2-zen1)
[2026-07-11 21:23:38.245]: Info: Streaming bitrate is 1000000
[2026-07-11 21:23:38.245]: Info: Using normal encoding mode
[2026-07-11 21:23:38.245]: Info: Using VBR with single frame VBV size
[2026-07-11 21:23:38.245]: Warning: [av1_vaapi @ 0x6f517e4a9700] Multiple slices were requested but this codec does not support controlling slices.
[2026-07-11 21:23:38.265]: Info: 
[2026-07-11 21:23:38.265]: Info: // Ignore any errors mentioned above, they are not relevant. //
[2026-07-11 21:23:38.265]: Info: 
[2026-07-11 21:23:38.265]: Info: Found H.264 encoder: h264_vaapi [vaapi]
[2026-07-11 21:23:38.265]: Info: Found HEVC encoder: hevc_vaapi [vaapi]
[2026-07-11 21:23:38.265]: Info: Found AV1 encoder: av1_vaapi [vaapi]
[2026-07-11 21:23:38.284]: Info: Open the Web UI to set your new username and password and getting started
[2026-07-11 21:23:38.284]: Info: File /home/foxtrot/.config/sunshine/sunshine_state.json doesn't exist
[2026-07-11 21:23:38.285]: Info: Starting system tray
[2026-07-11 21:23:38.286]: Info: Configuration UI available at [https://localhost:47990]
[2026-07-11 21:23:38.286]: Error: Failed to create client: Daemon not running
[2026-07-11 21:23:38.336]: Info: System tray created
[2026-07-11 21:23:38.336]: Info: Starting main loop
[2026-07-11 21:23:44.666]: Info: Opening UI from system tray
[2026-07-11 21:23:44.675]: Info: Opened url [https://localhost:47990]
[2026-07-11 21:23:48.755]: Info: Web UI: [127.0.0.1] -- not authorized
[2026-07-11 21:24:26.053]: Info: New credentials have been created
[2026-07-11 21:24:31.075]: Info: Web UI: [127.0.0.1] -- not authorized
[2026-07-11 21:24:31.082]: Info: Web UI: [127.0.0.1] -- not authorized
[2026-07-11 21:34:09.518]: Info: Interrupt handler called
[2026-07-11 21:34:09.518]: Error: Couldn't accept incoming connections: Operation canceled
[2026-07-11 21:34:09.519]: Info: Main loop has exited
[2026-07-11 21:34:09.619218] [0x00007d2135c32bc0] [info]    config: 'bind_address' = 172.17.0.82
[2026-07-11 21:34:09.619]: Info: Sunshine version: 2026.516.143833 commit: 
[2026-07-11 21:34:09.619]: Info: Package Publisher: nixpkgs
[2026-07-11 21:34:09.619]: Info: Publisher Website: https://nixos.org
[2026-07-11 21:34:09.619]: Info: Get support: https://github.com/NixOS/nixpkgs/issues
[2026-07-11 21:34:09.619]: Info: config: 'bind_address' = 172.17.0.82
[2026-07-11 21:34:09.620]: Info: [wayland] Found display [wayland-1]
[2026-07-11 21:34:09.620]: Info: [wayland] Found interface: zxdg_output_manager_v1(9) version 3
[2026-07-11 21:34:09.620]: Info: [wayland] Found interface: zwlr_screencopy_manager_v1(32) version 3
[2026-07-11 21:34:09.620]: Info: [wayland] Found interface: zwp_linux_dmabuf_v1(42) version 5
[2026-07-11 21:34:09.620]: Info: [wayland] Found interface: wl_output(44) version 4
[2026-07-11 21:34:09.620]: Info: [wayland] Found interface: wl_output(45) version 4
[2026-07-11 21:34:09.620]: Info: [wayland] Resolution: 1920x1080
[2026-07-11 21:34:09.620]: Info: [wayland] Resolution: 3440x1440
[2026-07-11 21:34:09.620]: Info: [wayland] Offset: 1920x200
[2026-07-11 21:34:09.620]: Info: [wayland] Logical size: 1920x1080
[2026-07-11 21:34:09.620]: Info: [wayland] Name: HDMI-A-1
[2026-07-11 21:34:09.620]: Info: [wayland] Found monitor: Acer Technologies - Acer XFA240 - HDMI-A-1
[2026-07-11 21:34:09.620]: Info: [wayland] Offset: 3840x0
[2026-07-11 21:34:09.620]: Info: [wayland] Logical size: 3127x1309
[2026-07-11 21:34:09.620]: Info: [wayland] Name: DP-2
[2026-07-11 21:34:09.620]: Info: [wayland] Found monitor: PNP(AOC) - CU34G2XP - DP-2
[2026-07-11 21:34:09.620]: Info: [wlgrab] -------- Start of Wayland monitor list --------
[2026-07-11 21:34:09.620]: Info: [wlgrab] Monitor 0 is HDMI-A-1: Acer Technologies - Acer XFA240 - HDMI-A-1
[2026-07-11 21:34:09.621]: Info: [wlgrab] Monitor 1 is DP-2: PNP(AOC) - CU34G2XP - DP-2
[2026-07-11 21:34:09.621]: Info: [wlgrab] --------- End of Wayland monitor list ---------
[2026-07-11 21:34:09.623]: Error: [portalgrab] Could not create RemoteDesktop session: GDBus.Error:org.freedesktop.DBus.Error.UnknownMethod: No such interface “org.freedesktop.portal.RemoteDesktop” on object at path /org/freedesktop/portal/desktop
[2026-07-11 21:34:09.626]: Error: [portalgrab] Could not select sources: GDBus.Error:org.freedesktop.portal.Error.InvalidArgument: Unavailable cursor mode 2
[2026-07-11 21:34:09.626]: Warning: [portalgrab] Failed to connect to portal. Cannot enumerate displays, returning empty list.
[2026-07-11 21:34:09.643]: Warning: Gamepad ds5 is disabled due to Permission denied
[2026-07-11 21:34:09.643]: Info: // Testing for available encoders, this may generate errors. You can safely ignore those errors. //
[2026-07-11 21:34:09.643]: Info: Trying encoder [nvenc]
[2026-07-11 21:34:09.643]: Info: Screencasting with Wayland's protocol
[2026-07-11 21:34:09.643]: Info: [wlgrab] Requested frame rate [60/1, approx. 60 fps]
[2026-07-11 21:34:09.643]: Info: [wayland] Found display [wayland-1]
[2026-07-11 21:34:09.643]: Info: [wayland] Found interface: zxdg_output_manager_v1(9) version 3
[2026-07-11 21:34:09.643]: Info: [wayland] Found interface: zwlr_screencopy_manager_v1(32) version 3
[2026-07-11 21:34:09.643]: Info: [wayland] Found interface: zwp_linux_dmabuf_v1(42) version 5
[2026-07-11 21:34:09.643]: Info: [wayland] Found interface: wl_output(44) version 4
[2026-07-11 21:34:09.643]: Info: [wayland] Found interface: wl_output(45) version 4
[2026-07-11 21:34:09.643]: Info: [wayland] Resolution: 1920x1080
[2026-07-11 21:34:09.643]: Info: [wayland] Resolution: 3440x1440
[2026-07-11 21:34:09.643]: Info: [wayland] Offset: 1920x200
[2026-07-11 21:34:09.643]: Info: [wayland] Logical size: 1920x1080
[2026-07-11 21:34:09.643]: Info: [wayland] Name: HDMI-A-1
[2026-07-11 21:34:09.643]: Info: [wayland] Found monitor: Acer Technologies - Acer XFA240 - HDMI-A-1
[2026-07-11 21:34:09.643]: Info: [wayland] Offset: 3840x0
[2026-07-11 21:34:09.643]: Info: [wayland] Logical size: 3127x1309
[2026-07-11 21:34:09.643]: Info: [wayland] Name: DP-2
[2026-07-11 21:34:09.643]: Info: [wayland] Found monitor: PNP(AOC) - CU34G2XP - DP-2
[2026-07-11 21:34:09.643]: Info: [wlgrab] Selected monitor [Acer Technologies - Acer XFA240 - HDMI-A-1] for streaming
[2026-07-11 21:34:09.643]: Info: Creating encoder [h264_nvenc]
[2026-07-11 21:34:09.643]: Info: Color coding: SDR (Rec. 601)
[2026-07-11 21:34:09.643]: Info: Color depth: 8-bit
[2026-07-11 21:34:09.643]: Info: Color range: JPEG
[2026-07-11 21:34:09.643]: Error: [CUDA @ 0x70e5e6a93980] Cannot load libcuda.so.1
[2026-07-11 21:34:09.643]: Error: [CUDA @ 0x70e5e6a93980] Could not dynamically load CUDA
[2026-07-11 21:34:09.643]: Error: Failed to create a CUDA device: Operation not permitted
[2026-07-11 21:34:09.643]: Info: Creating encoder [h264_nvenc]
[2026-07-11 21:34:09.643]: Info: Color coding: SDR (Rec. 601)
[2026-07-11 21:34:09.643]: Info: Color depth: 8-bit
[2026-07-11 21:34:09.643]: Info: Color range: JPEG
[2026-07-11 21:34:09.643]: Error: [CUDA @ 0x70e5e6a93b40] Cannot load libcuda.so.1
[2026-07-11 21:34:09.643]: Error: [CUDA @ 0x70e5e6a93b40] Could not dynamically load CUDA
[2026-07-11 21:34:09.643]: Error: Failed to create a CUDA device: Operation not permitted
[2026-07-11 21:34:09.643]: Info: Encoder [nvenc] failed
[2026-07-11 21:34:09.644]: Info: Trying encoder [vulkan]
[2026-07-11 21:34:09.644]: Info: Screencasting with Wayland's protocol
[2026-07-11 21:34:09.644]: Error: [wlgrab] Could not initialize display with the given hw device type.
[2026-07-11 21:34:09.844]: Info: Screencasting with Wayland's protocol
[2026-07-11 21:34:09.844]: Error: [wlgrab] Could not initialize display with the given hw device type.
[2026-07-11 21:34:10.044]: Info: Encoder [vulkan] failed
[2026-07-11 21:34:10.044]: Info: Trying encoder [vaapi]
[2026-07-11 21:34:10.044]: Info: Screencasting with Wayland's protocol
[2026-07-11 21:34:10.044]: Info: [wlgrab] Requested frame rate [60/1, approx. 60 fps]
[2026-07-11 21:34:10.044]: Info: [wayland] Found display [wayland-1]
[2026-07-11 21:34:10.044]: Info: [wayland] Found interface: zxdg_output_manager_v1(9) version 3
[2026-07-11 21:34:10.044]: Info: [wayland] Found interface: zwlr_screencopy_manager_v1(32) version 3
[2026-07-11 21:34:10.044]: Info: [wayland] Found interface: zwp_linux_dmabuf_v1(42) version 5
[2026-07-11 21:34:10.044]: Info: [wayland] Found interface: wl_output(44) version 4
[2026-07-11 21:34:10.044]: Info: [wayland] Found interface: wl_output(45) version 4
[2026-07-11 21:34:10.044]: Info: [wayland] Resolution: 1920x1080
[2026-07-11 21:34:10.044]: Info: [wayland] Resolution: 3440x1440
[2026-07-11 21:34:10.044]: Info: [wayland] Offset: 1920x200
[2026-07-11 21:34:10.044]: Info: [wayland] Logical size: 1920x1080
[2026-07-11 21:34:10.044]: Info: [wayland] Name: HDMI-A-1
[2026-07-11 21:34:10.044]: Info: [wayland] Found monitor: Acer Technologies - Acer XFA240 - HDMI-A-1
[2026-07-11 21:34:10.044]: Info: [wayland] Offset: 3840x0
[2026-07-11 21:34:10.044]: Info: [wayland] Logical size: 3127x1309
[2026-07-11 21:34:10.044]: Info: [wayland] Name: DP-2
[2026-07-11 21:34:10.044]: Info: [wayland] Found monitor: PNP(AOC) - CU34G2XP - DP-2
[2026-07-11 21:34:10.044]: Info: [wlgrab] Selected monitor [Acer Technologies - Acer XFA240 - HDMI-A-1] for streaming
[2026-07-11 21:34:10.044]: Info: Creating encoder [h264_vaapi]
[2026-07-11 21:34:10.044]: Info: Color coding: SDR (Rec. 601)
[2026-07-11 21:34:10.044]: Info: Color depth: 8-bit
[2026-07-11 21:34:10.044]: Info: Color range: JPEG
[2026-07-11 21:34:10.055]: Warning: EGL: context priority set to HIGH but CAP_SYS_NICE capability is missing
libva info: VA-API version 1.23.0
libva info: Trying to open /run/opengl-driver/lib/dri/radeonsi_drv_video.so
libva info: Found init function __vaDriverInit_1_23
libva info: va_openDriver() returns 0
[2026-07-11 21:34:10.060]: Info: vaapi vendor: Mesa Gallium driver 26.1.3 for AMD Radeon RX 9070 XT (radeonsi, gfx1201, ACO, DRM 3.64, 7.1.2-zen1)
[2026-07-11 21:34:10.060]: Info: Streaming bitrate is 1000000
[2026-07-11 21:34:10.060]: Info: Using normal encoding mode
[2026-07-11 21:34:10.060]: Info: Using default rate control
[2026-07-11 21:34:10.084]: Info: Creating encoder [hevc_vaapi]
[2026-07-11 21:34:10.084]: Info: Color coding: SDR (Rec. 601)
[2026-07-11 21:34:10.084]: Info: Color depth: 8-bit
[2026-07-11 21:34:10.084]: Info: Color range: JPEG
[2026-07-11 21:34:10.090]: Warning: EGL: context priority set to HIGH but CAP_SYS_NICE capability is missing
libva info: VA-API version 1.23.0
libva info: Trying to open /run/opengl-driver/lib/dri/radeonsi_drv_video.so
libva info: Found init function __vaDriverInit_1_23
libva info: va_openDriver() returns 0
[2026-07-11 21:34:10.095]: Info: vaapi vendor: Mesa Gallium driver 26.1.3 for AMD Radeon RX 9070 XT (radeonsi, gfx1201, ACO, DRM 3.64, 7.1.2-zen1)
[2026-07-11 21:34:10.096]: Info: Streaming bitrate is 1000000
[2026-07-11 21:34:10.096]: Info: Using normal encoding mode
[2026-07-11 21:34:10.096]: Info: Using default rate control
[2026-07-11 21:34:10.120]: Info: Creating encoder [av1_vaapi]
[2026-07-11 21:34:10.120]: Info: Color coding: SDR (Rec. 601)
[2026-07-11 21:34:10.120]: Info: Color depth: 8-bit
[2026-07-11 21:34:10.120]: Info: Color range: JPEG
[2026-07-11 21:34:10.127]: Warning: EGL: context priority set to HIGH but CAP_SYS_NICE capability is missing
libva info: VA-API version 1.23.0
libva info: Trying to open /run/opengl-driver/lib/dri/radeonsi_drv_video.so
libva info: Found init function __vaDriverInit_1_23
libva info: va_openDriver() returns 0
[2026-07-11 21:34:10.130]: Info: vaapi vendor: Mesa Gallium driver 26.1.3 for AMD Radeon RX 9070 XT (radeonsi, gfx1201, ACO, DRM 3.64, 7.1.2-zen1)
[2026-07-11 21:34:10.130]: Info: Streaming bitrate is 1000000
[2026-07-11 21:34:10.130]: Info: Using normal encoding mode
[2026-07-11 21:34:10.130]: Info: Using VBR with single frame VBV size
[2026-07-11 21:34:10.130]: Warning: [av1_vaapi @ 0x71d3c362b800] Multiple slices were requested but this codec does not support controlling slices.
[2026-07-11 21:34:10.152]: Info: Screencasting with Wayland's protocol
[2026-07-11 21:34:10.152]: Info: [wlgrab] Requested frame rate [60/1, approx. 60 fps]
[2026-07-11 21:34:10.152]: Info: [wayland] Found display [wayland-1]
[2026-07-11 21:34:10.152]: Info: [wayland] Found interface: zxdg_output_manager_v1(9) version 3
[2026-07-11 21:34:10.152]: Info: [wayland] Found interface: zwlr_screencopy_manager_v1(32) version 3
[2026-07-11 21:34:10.152]: Info: [wayland] Found interface: zwp_linux_dmabuf_v1(42) version 5
[2026-07-11 21:34:10.152]: Info: [wayland] Found interface: wl_output(44) version 4
[2026-07-11 21:34:10.152]: Info: [wayland] Found interface: wl_output(45) version 4
[2026-07-11 21:34:10.152]: Info: [wayland] Resolution: 1920x1080
[2026-07-11 21:34:10.152]: Info: [wayland] Resolution: 3440x1440
[2026-07-11 21:34:10.152]: Info: [wayland] Offset: 1920x200
[2026-07-11 21:34:10.152]: Info: [wayland] Logical size: 1920x1080
[2026-07-11 21:34:10.152]: Info: [wayland] Name: HDMI-A-1
[2026-07-11 21:34:10.152]: Info: [wayland] Found monitor: Acer Technologies - Acer XFA240 - HDMI-A-1
[2026-07-11 21:34:10.152]: Info: [wayland] Offset: 3840x0
[2026-07-11 21:34:10.152]: Info: [wayland] Logical size: 3127x1309
[2026-07-11 21:34:10.152]: Info: [wayland] Name: DP-2
[2026-07-11 21:34:10.152]: Info: [wayland] Found monitor: PNP(AOC) - CU34G2XP - DP-2
[2026-07-11 21:34:10.152]: Info: [wlgrab] Selected monitor [Acer Technologies - Acer XFA240 - HDMI-A-1] for streaming
[2026-07-11 21:34:10.152]: Info: Creating encoder [hevc_vaapi]
[2026-07-11 21:34:10.152]: Info: Color coding: SDR (Rec. 709)
[2026-07-11 21:34:10.152]: Info: Color depth: 10-bit
[2026-07-11 21:34:10.152]: Info: Color range: JPEG
[2026-07-11 21:34:10.158]: Warning: EGL: context priority set to HIGH but CAP_SYS_NICE capability is missing
libva info: VA-API version 1.23.0
libva info: Trying to open /run/opengl-driver/lib/dri/radeonsi_drv_video.so
libva info: Found init function __vaDriverInit_1_23
libva info: va_openDriver() returns 0
[2026-07-11 21:34:10.164]: Info: vaapi vendor: Mesa Gallium driver 26.1.3 for AMD Radeon RX 9070 XT (radeonsi, gfx1201, ACO, DRM 3.64, 7.1.2-zen1)
[2026-07-11 21:34:10.164]: Info: Streaming bitrate is 1000000
[2026-07-11 21:34:10.164]: Info: Using normal encoding mode
[2026-07-11 21:34:10.164]: Info: Using default rate control
[2026-07-11 21:34:10.187]: Info: Creating encoder [av1_vaapi]
[2026-07-11 21:34:10.187]: Info: Color coding: SDR (Rec. 709)
[2026-07-11 21:34:10.187]: Info: Color depth: 10-bit
[2026-07-11 21:34:10.187]: Info: Color range: JPEG
[2026-07-11 21:34:10.193]: Warning: EGL: context priority set to HIGH but CAP_SYS_NICE capability is missing
libva info: VA-API version 1.23.0
libva info: Trying to open /run/opengl-driver/lib/dri/radeonsi_drv_video.so
libva info: Found init function __vaDriverInit_1_23
libva info: va_openDriver() returns 0
[2026-07-11 21:34:10.196]: Info: vaapi vendor: Mesa Gallium driver 26.1.3 for AMD Radeon RX 9070 XT (radeonsi, gfx1201, ACO, DRM 3.64, 7.1.2-zen1)
[2026-07-11 21:34:10.197]: Info: Streaming bitrate is 1000000
[2026-07-11 21:34:10.197]: Info: Using normal encoding mode
[2026-07-11 21:34:10.197]: Info: Using VBR with single frame VBV size
[2026-07-11 21:34:10.197]: Warning: [av1_vaapi @ 0x71d3c364c180] Multiple slices were requested but this codec does not support controlling slices.
[2026-07-11 21:34:10.217]: Info: 
[2026-07-11 21:34:10.217]: Info: // Ignore any errors mentioned above, they are not relevant. //
[2026-07-11 21:34:10.217]: Info: 
[2026-07-11 21:34:10.217]: Info: Found H.264 encoder: h264_vaapi [vaapi]
[2026-07-11 21:34:10.217]: Info: Found HEVC encoder: hevc_vaapi [vaapi]
[2026-07-11 21:34:10.217]: Info: Found AV1 encoder: av1_vaapi [vaapi]
[2026-07-11 21:34:10.217]: Info: Starting system tray
[2026-07-11 21:34:10.217]: Error: Failed to create client: Daemon not running
[2026-07-11 21:34:10.220]: Info: Configuration UI available at [https://172.17.0.82:47990]
[2026-07-11 21:34:10.269]: Info: System tray created
[2026-07-11 21:34:10.269]: Info: Starting main loop
